This is pdfTeX, Version 3.14159265-2.6-1.40.19 (MiKTeX 2.9.6630 64-bit) (preloaded format=pdflatex 2018.3.21)  2 APR 2018 14:39
entering extended mode
**./Booklet4x1.tex
(Booklet4x1.tex
LaTeX2e <2017-04-15>
Babel <3.18> and hyphenation patterns for 75 language(s) loaded.
("C:\Users\assaf\AppData\Local\Programs\MiKTeX 2.9\tex\latex\base\article.cls"
Document Class: article 2014/09/29 v1.4h Standard LaTeX document class
("C:\Users\assaf\AppData\Local\Programs\MiKTeX 2.9\tex\latex\base\size10.clo"
File: size10.clo 2014/09/29 v1.4h Standard LaTeX file (size option)
)
\c@part=\count79
\c@section=\count80
\c@subsection=\count81
\c@subsubsection=\count82
\c@paragraph=\count83
\c@subparagraph=\count84
\c@figure=\count85
\c@table=\count86
\abovecaptionskip=\skip41
\belowcaptionskip=\skip42
\bibindent=\dimen102
) ("C:\Users\assaf\AppData\Local\Programs\MiKTeX 2.9\tex\latex\graphics\color.s
ty"
Package: color 2016/07/10 v1.1e Standard LaTeX Color (DPC)

("C:\Users\assaf\AppData\Local\Programs\MiKTeX 2.9\tex\latex\graphics-cfg\color
.cfg"
File: color.cfg 2016/01/02 v1.6 sample color configuration
)
Package color Info: Driver file: pdftex.def on input line 147.

("C:\Users\assaf\AppData\Local\Programs\MiKTeX 2.9\tex\latex\graphics-def\pdfte
x.def"
File: pdftex.def 2018/01/08 v1.0l Graphics/color driver for pdftex
))
("C:\Users\assaf\AppData\Local\Programs\MiKTeX 2.9\tex\latex\graphics\graphicx.
sty"
Package: graphicx 2017/06/01 v1.1a Enhanced LaTeX Graphics (DPC,SPQR)

("C:\Users\assaf\AppData\Local\Programs\MiKTeX 2.9\tex\latex\graphics\keyval.st
y"
Package: keyval 2014/10/28 v1.15 key=value parser (DPC)
\KV@toks@=\toks14
)
("C:\Users\assaf\AppData\Local\Programs\MiKTeX 2.9\tex\latex\graphics\graphics.
sty"
Package: graphics 2017/06/25 v1.2c Standard LaTeX Graphics (DPC,SPQR)

("C:\Users\assaf\AppData\Local\Programs\MiKTeX 2.9\tex\latex\graphics\trig.sty"
Package: trig 2016/01/03 v1.10 sin cos tan (DPC)
)
("C:\Users\assaf\AppData\Local\Programs\MiKTeX 2.9\tex\latex\graphics-cfg\graph
ics.cfg"
File: graphics.cfg 2016/06/04 v1.11 sample graphics configuration
)
Package graphics Info: Driver file: pdftex.def on input line 99.
)
\Gin@req@height=\dimen103
\Gin@req@width=\dimen104
)
("C:\Users\assaf\AppData\Local\Programs\MiKTeX 2.9\tex\latex\graphics\epsfig.st
y"
Package: epsfig 2017/06/25 v1.7b (e)psfig emulation (SPQR)
\epsfxsize=\dimen105
\epsfysize=\dimen106
)
("C:\Users\assaf\AppData\Local\Programs\MiKTeX 2.9\tex\latex\geometry\geometry.
sty"
Package: geometry 2010/09/12 v5.6 Page Geometry

("C:\Users\assaf\AppData\Local\Programs\MiKTeX 2.9\tex\generic\oberdiek\ifpdf.s
ty"
Package: ifpdf 2017/03/15 v3.2 Provides the ifpdf switch
)
("C:\Users\assaf\AppData\Local\Programs\MiKTeX 2.9\tex\generic\oberdiek\ifvtex.
sty"
Package: ifvtex 2016/05/16 v1.6 Detect VTeX and its facilities (HO)
Package ifvtex Info: VTeX not detected.
)
("C:\Users\assaf\AppData\Local\Programs\MiKTeX 2.9\tex\generic\ifxetex\ifxetex.
sty"
Package: ifxetex 2010/09/12 v0.6 Provides ifxetex conditional
)
\Gm@cnth=\count87
\Gm@cntv=\count88
\c@Gm@tempcnt=\count89
\Gm@bindingoffset=\dimen107
\Gm@wd@mp=\dimen108
\Gm@odd@mp=\dimen109
\Gm@even@mp=\dimen110
\Gm@layoutwidth=\dimen111
\Gm@layoutheight=\dimen112
\Gm@layouthoffset=\dimen113
\Gm@layoutvoffset=\dimen114
\Gm@dimlist=\toks15

("C:\Users\assaf\AppData\Local\Programs\MiKTeX 2.9\tex\latex\geometry\geometry.
cfg"))
("C:\Users\assaf\AppData\Local\Programs\MiKTeX 2.9\tex\latex\pdfpages\pdfpages.
sty"
Package: pdfpages 2017/10/31 v0.5l Insert pages of external PDF documents (AM)

("C:\Users\assaf\AppData\Local\Programs\MiKTeX 2.9\tex\latex\base\ifthen.sty"
Package: ifthen 2014/09/29 v1.1c Standard LaTeX ifthen package (DPC)
)
("C:\Users\assaf\AppData\Local\Programs\MiKTeX 2.9\tex\latex\tools\calc.sty"
Package: calc 2014/10/28 v4.3 Infix arithmetic (KKT,FJ)
\calc@Acount=\count90
\calc@Bcount=\count91
\calc@Adimen=\dimen115
\calc@Bdimen=\dimen116
\calc@Askip=\skip43
\calc@Bskip=\skip44
LaTeX Info: Redefining \setlength on input line 80.
LaTeX Info: Redefining \addtolength on input line 81.
\calc@Ccount=\count92
\calc@Cskip=\skip45
)
("C:\Users\assaf\AppData\Local\Programs\MiKTeX 2.9\tex\latex\eso-pic\eso-pic.st
y"
Package: eso-pic 2015/07/21 v2.0g eso-pic (RN)

("C:\Users\assaf\AppData\Local\Programs\MiKTeX 2.9\tex\generic\oberdiek\atbegsh
i.sty"
Package: atbegshi 2016/06/09 v1.18 At begin shipout hook (HO)

("C:\Users\assaf\AppData\Local\Programs\MiKTeX 2.9\tex\generic\oberdiek\infware
rr.sty"
Package: infwarerr 2016/05/16 v1.4 Providing info/warning/error messages (HO)
)
("C:\Users\assaf\AppData\Local\Programs\MiKTeX 2.9\tex\generic\oberdiek\ltxcmds
.sty"
Package: ltxcmds 2016/05/16 v1.23 LaTeX kernel commands for general use (HO)
)))
\AM@pagewidth=\dimen117
\AM@pageheight=\dimen118

("C:\Users\assaf\AppData\Local\Programs\MiKTeX 2.9\tex\latex\pdfpages\pppdftex.
def"
File: pppdftex.def 2017/10/31 v0.5l Pdfpages driver for pdfTeX (AM)
)
\AM@pagebox=\box26
\AM@global@opts=\toks16
\AM@toc@title=\toks17
\c@AM@survey=\count93
\AM@templatesizebox=\box27
) (Booklet4x1.aux)
\openout1 = `Booklet4x1.aux'.

LaTeX Font Info:    Checking defaults for OML/cmm/m/it on input line 5.
LaTeX Font Info:    ... okay on input line 5.
LaTeX Font Info:    Checking defaults for T1/cmr/m/n on input line 5.
LaTeX Font Info:    ... okay on input line 5.
LaTeX Font Info:    Checking defaults for OT1/cmr/m/n on input line 5.
LaTeX Font Info:    ... okay on input line 5.
LaTeX Font Info:    Checking defaults for OMS/cmsy/m/n on input line 5.
LaTeX Font Info:    ... okay on input line 5.
LaTeX Font Info:    Checking defaults for OMX/cmex/m/n on input line 5.
LaTeX Font Info:    ... okay on input line 5.
LaTeX Font Info:    Checking defaults for U/cmr/m/n on input line 5.
LaTeX Font Info:    ... okay on input line 5.

("C:\Users\assaf\AppData\Local\Programs\MiKTeX 2.9\tex\context\base\supp-pdf.mk
ii"
[Loading MPS to PDF converter (version 2006.09.02).]
\scratchcounter=\count94
\scratchdimen=\dimen119
\scratchbox=\box28
\nofMPsegments=\count95
\nofMParguments=\count96
\everyMPshowfont=\toks18
\MPscratchCnt=\count97
\MPscratchDim=\dimen120
\MPnumerator=\count98
\makeMPintoPDFobject=\count99
\everyMPtoPDFconversion=\toks19
)
("C:\Users\assaf\AppData\Local\Programs\MiKTeX 2.9\tex\latex\oberdiek\epstopdf-
base.sty"
Package: epstopdf-base 2016/05/15 v2.6 Base part for package epstopdf

("C:\Users\assaf\AppData\Local\Programs\MiKTeX 2.9\tex\latex\oberdiek\grfext.st
y"
Package: grfext 2016/05/16 v1.2 Manage graphics extensions (HO)

("C:\Users\assaf\AppData\Local\Programs\MiKTeX 2.9\tex\generic\oberdiek\kvdefin
ekeys.sty"
Package: kvdefinekeys 2016/05/16 v1.4 Define keys (HO)
))
("C:\Users\assaf\AppData\Local\Programs\MiKTeX 2.9\tex\latex\oberdiek\kvoptions
.sty"
Package: kvoptions 2016/05/16 v3.12 Key value format for package options (HO)

("C:\Users\assaf\AppData\Local\Programs\MiKTeX 2.9\tex\generic\oberdiek\kvsetke
ys.sty"
Package: kvsetkeys 2016/05/16 v1.17 Key value parser (HO)

("C:\Users\assaf\AppData\Local\Programs\MiKTeX 2.9\tex\generic\oberdiek\etexcmd
s.sty"
Package: etexcmds 2016/05/16 v1.6 Avoid name clashes with e-TeX commands (HO)

("C:\Users\assaf\AppData\Local\Programs\MiKTeX 2.9\tex\generic\oberdiek\ifluate
x.sty"
Package: ifluatex 2016/05/16 v1.4 Provides the ifluatex switch (HO)
Package ifluatex Info: LuaTeX not detected.
)
Package etexcmds Info: Could not find \expanded.
(etexcmds)             That can mean that you are not using pdfTeX 1.50 or
(etexcmds)             that some package has redefined \expanded.
(etexcmds)             In the latter case, load this package earlier.
)))
("C:\Users\assaf\AppData\Local\Programs\MiKTeX 2.9\tex\generic\oberdiek\pdftexc
mds.sty"
Package: pdftexcmds 2018/01/21 v0.26 Utility functions of pdfTeX for LuaTeX (HO
)
Package pdftexcmds Info: LuaTeX not detected.
Package pdftexcmds Info: \pdf@primitive is available.
Package pdftexcmds Info: \pdf@ifprimitive is available.
Package pdftexcmds Info: \pdfdraftmode found.
)
Package epstopdf-base Info: Redefining graphics rule for `.eps' on input line 4
38.
Package grfext Info: Graphics extension search list:
(grfext)             [.pdf,.png,.jpg,.mps,.jpeg,.jbig2,.jb2,.PDF,.PNG,.JPG,.JPE
G,.JBIG2,.JB2,.eps]
(grfext)             \AppendGraphicsExtensions on input line 456.
)
*geometry* driver: auto-detecting
*geometry* detected driver: pdftex
*geometry* verbose mode - [ preamble ] result:
* driver: pdftex
* paper: letterpaper
* layout: <same size as paper>
* layoutoffset:(h,v)=(0.0pt,0.0pt)
* modes: 
* h-part:(L,W,R)=(28.45274pt, 557.38951pt, 28.45274pt)
* v-part:(T,H,B)=(28.45274pt, 738.0645pt, 28.45274pt)
* \paperwidth=614.295pt
* \paperheight=794.96999pt
* \textwidth=557.38951pt
* \textheight=738.0645pt
* \oddsidemargin=-43.81725pt
* \evensidemargin=-43.81725pt
* \topmargin=-80.81725pt
* \headheight=12.0pt
* \headsep=25.0pt
* \topskip=10.0pt
* \footskip=30.0pt
* \marginparwidth=65.0pt
* \marginparsep=11.0pt
* \columnsep=10.0pt
* \skip\footins=9.0pt plus 4.0pt minus 2.0pt
* \hoffset=0.0pt
* \voffset=0.0pt
* \mag=1000
* \@twocolumnfalse
* \@twosidefalse
* \@mparswitchfalse
* \@reversemarginfalse
* (1in=72.27pt=25.4mm, 1cm=28.453pt)

\AtBeginShipoutBox=\box29

("C:\Users\assaf\AppData\Local\Programs\MiKTeX 2.9\tex\latex\oberdiek\pdflscape
.sty"
Package: pdflscape 2016/05/14 v0.11 Display of landscape pages in PDF (HO)

("C:\Users\assaf\AppData\Local\Programs\MiKTeX 2.9\tex\latex\graphics\lscape.st
y"
Package: lscape 2000/10/22 v3.01 Landscape Pages (DPC)
)
Package pdflscape Info: Auto-detected driver: pdftex on input line 81.
)
<booklet.pdf, id=1, 597.50829pt x 845.0471pt>
File: booklet.pdf Graphic file (type pdf)
<use booklet.pdf>
Package pdftex.def Info: booklet.pdf  used on input line 6.
(pdftex.def)             Requested size: 597.50682pt x 845.04504pt.
File: booklet.pdf Graphic file (type pdf)
<use booklet.pdf>
Package pdftex.def Info: booklet.pdf  used on input line 6.
(pdftex.def)             Requested size: 597.50682pt x 845.04504pt.
<booklet.pdf, id=4, page=4, 597.50829pt x 845.0471pt>
File: booklet.pdf Graphic file (type pdf)
<use booklet.pdf, page 4>
Package pdftex.def Info: booklet.pdf , page4 used on input line 6.
(pdftex.def)             Requested size: 597.50682pt x 845.04504pt.
File: booklet.pdf Graphic file (type pdf)
<use booklet.pdf, page 4>
Package pdftex.def Info: booklet.pdf , page4 used on input line 6.
(pdftex.def)             Requested size: 396.88216pt x 561.30455pt.
File: booklet.pdf Graphic file (type pdf)
<use booklet.pdf, page 4>
Package pdftex.def Info: booklet.pdf , page4 used on input line 6.
(pdftex.def)             Requested size: 396.88216pt x 561.30455pt.
File: booklet.pdf Graphic file (type pdf)
<use booklet.pdf, page 4>
Package pdftex.def Info: booklet.pdf , page4 used on input line 6.
(pdftex.def)             Requested size: 396.88216pt x 561.30455pt.
<booklet.pdf, id=5, page=1, 597.50829pt x 845.0471pt>
File: booklet.pdf Graphic file (type pdf)
<use booklet.pdf, page 1>
Package pdftex.def Info: booklet.pdf , page1 used on input line 6.
(pdftex.def)             Requested size: 396.88216pt x 561.30455pt.
File: booklet.pdf Graphic file (type pdf)
<use booklet.pdf, page 1>
Package pdftex.def Info: booklet.pdf , page1 used on input line 6.
(pdftex.def)             Requested size: 396.88216pt x 561.30455pt.
File: booklet.pdf Graphic file (type pdf)
<use booklet.pdf, page 4>
Package pdftex.def Info: booklet.pdf , page4 used on input line 6.
(pdftex.def)             Requested size: 396.88216pt x 561.30455pt.
File: booklet.pdf Graphic file (type pdf)
<use booklet.pdf, page 1>
Package pdftex.def Info: booklet.pdf , page1 used on input line 6.
(pdftex.def)             Requested size: 396.88216pt x 561.30455pt.
 [1

 <./booklet.pdf> <./booklet.pdf

pdfTeX warning: pdflatex (file ./booklet.pdf): PDF inclusion: multiple pdfs wit
h page group included in a single page
>]
<booklet.pdf, id=155, page=3, 597.50829pt x 845.0471pt>
File: booklet.pdf Graphic file (type pdf)
<use booklet.pdf, page 3>
Package pdftex.def Info: booklet.pdf , page3 used on input line 6.
(pdftex.def)             Requested size: 396.88216pt x 561.30455pt.
File: booklet.pdf Graphic file (type pdf)
<use booklet.pdf, page 3>
Package pdftex.def Info: booklet.pdf , page3 used on input line 6.
(pdftex.def)             Requested size: 396.88216pt x 561.30455pt.
<booklet.pdf, id=156, page=2, 597.50829pt x 845.0471pt>
File: booklet.pdf Graphic file (type pdf)
<use booklet.pdf, page 2>
Package pdftex.def Info: booklet.pdf , page2 used on input line 6.
(pdftex.def)             Requested size: 396.88216pt x 561.30455pt.
File: booklet.pdf Graphic file (type pdf)
<use booklet.pdf, page 2>
Package pdftex.def Info: booklet.pdf , page2 used on input line 6.
(pdftex.def)             Requested size: 396.88216pt x 561.30455pt.
File: booklet.pdf Graphic file (type pdf)
<use booklet.pdf, page 3>
Package pdftex.def Info: booklet.pdf , page3 used on input line 6.
(pdftex.def)             Requested size: 396.88216pt x 561.30455pt.
File: booklet.pdf Graphic file (type pdf)
<use booklet.pdf, page 2>
Package pdftex.def Info: booklet.pdf , page2 used on input line 6.
(pdftex.def)             Requested size: 396.88216pt x 561.30455pt.
 [2 <./booklet.pdf> <./booklet.pdf

pdfTeX warning: pdflatex (file ./booklet.pdf): PDF inclusion: multiple pdfs wit
h page group included in a single page
>] (Booklet4x1.aux) ) 
Here is how much of TeX's memory you used:
 2810 strings out of 493305
 43834 string characters out of 3129802
 107645 words of memory out of 3000000
 6334 multiletter control sequences out of 15000+200000
 3640 words of font info for 14 fonts, out of 3000000 for 9000
 1141 hyphenation exceptions out of 8191
 41i,21n,47p,279b,474s stack positions out of 5000i,500n,10000p,200000b,50000s

Output written on Booklet4x1.pdf (2 pages, 1841615 bytes).
PDF statistics:
 204 PDF objects out of 1000 (max. 8388607)
 0 named destinations out of 1000 (max. 500000)
 36 words of extra memory for PDF output out of 10000 (max. 10000000)

